2018-03-15 22:25:01,621 - BrowserConfiguration - INFO - you selected Chrome browser.
2018-03-15 22:25:01,622 - BrowserConfiguration - INFO - The test URL is: https://www.baidu.com
2018-03-15 22:25:06,531 - BrowserConfiguration - INFO - Starting Chrome browser
2018-03-15 22:25:07,672 - BrowserConfiguration - INFO - Maximize the current window
2018-03-15 22:25:08,640 - BrowserConfiguration - INFO - Open url: https://www.baidu.com
2018-03-15 22:25:08,643 - BrowserConfiguration - INFO - implicitly 5 seconds
2018-03-15 22:25:13,666 - BasePage - ERROR - NoSuchElementException: Message: no such element: Unable to locate element: {"method":"xpath","selector":"//*[@id='ul'/a[@name='tj_trnews']]"}
  (Session info: chrome=63.0.3239.132)
  (Driver info: chromedriver=2.33.506120 (e3e53437346286c0bc2d2dc9aa4915ba81d9023f),platform=Windows NT 6.1.7601 SP1 x86_64)

2018-03-15 22:25:13,667 - BasePage - ERROR - Failed to click the element
2018-03-15 22:25:16,667 - BasePage - INFO - sleep for 3 seconds
2018-03-15 22:25:21,710 - BasePage - ERROR - NoSuchElementException: Message: no such element: Unable to locate element: {"method":"xpath","selector":"//*[@id='channel-all']/div/ul/li[8]/a"}
  (Session info: chrome=63.0.3239.132)
  (Driver info: chromedriver=2.33.506120 (e3e53437346286c0bc2d2dc9aa4915ba81d9023f),platform=Windows NT 6.1.7601 SP1 x86_64)

2018-03-15 22:25:21,710 - BasePage - ERROR - Failed to click the element
2018-03-15 22:25:24,711 - BasePage - INFO - sleep for 3 seconds
